{"/Users/deokim/Documents/코딩/project-my/app-set/src/scripts/first/Base.ts": {"path":"/Users/deokim/Documents/코딩/project-my/app-set/src/scripts/first/Base.ts","statementMap":{"0":{"start":{"line":4,"column":8},"end":{"line":4,"column":25}},"1":{"start":{"line":7,"column":8},"end":{"line":7,"column":25}},"2":{"start":{"line":1,"column":0},"end":{"line":1,"column":21}}},"fnMap":{"0":{"name":"(anonymous_0)","decl":{"start":{"line":3,"column":4},"end":{"line":3,"column":16}},"loc":{"start":{"line":3,"column":28},"end":{"line":5,"column":5}}},"1":{"name":"(anonymous_1)","decl":{"start":{"line":6,"column":11},"end":{"line":6,"column":14}},"loc":{"start":{"line":6,"column":14},"end":{"line":8,"column":5}}}},"branchMap":{},"s":{"0":1,"1":1,"2":1},"f":{"0":1,"1":1},"b":{}}
}
